INFO 2021-07-29 21:14:47,961 - Regression algorithm: DecisionTreeRegressor
INFO 2021-07-29 21:14:47,967 - Train RMSE: 105.94869640760602
INFO 2021-07-29 21:14:47,973 - Test RMSE: 1223.8681512643016
INFO 2021-07-29 21:15:59,364 - Regression algorithm: LinearRegression
INFO 2021-07-29 21:15:59,369 - Train RMSE: 2508.251324525623
INFO 2021-07-29 21:15:59,373 - Test RMSE: 2497.660038032195
INFO 2021-07-29 21:25:50,079 - Regression algorithm: GradientBoostingRegressor
INFO 2021-07-29 21:25:50,604 - Train RMSE: 2237.36610124222
INFO 2021-07-29 21:25:50,614 - Test RMSE: 2230.865503537479
INFO 2021-07-29 22:09:59,180 - Regression algorithm: DecisionTreeRegressor
INFO 2021-07-29 22:09:59,185 - Train RMSE: 105.94869640760602
INFO 2021-07-29 22:09:59,190 - Test RMSE: 1221.2776232342849
INFO 2021-07-29 22:10:55,952 - Regression algorithm: LinearRegression
INFO 2021-07-29 22:10:55,953 - Train RMSE: 2508.251324525623
INFO 2021-07-29 22:10:55,957 - Test RMSE: 2497.660038032195
INFO 2021-07-30 08:59:04,919 - Regression algorithm: DecisionTreeRegressor
INFO 2021-07-30 08:59:04,928 - Train RMSE: 105.94869640760602
INFO 2021-07-30 08:59:04,932 - Test RMSE: 1222.1075949851247
INFO 2021-07-30 09:00:12,755 - Regression algorithm: LinearRegression
INFO 2021-07-30 09:00:12,763 - Train RMSE: 2508.251324525623
INFO 2021-07-30 09:00:12,767 - Test RMSE: 2497.660038032195
INFO 2021-07-30 09:08:36,270 - Regression algorithm: GradientBoostingRegressor
INFO 2021-07-30 09:08:36,275 - Train RMSE: 2237.366101242218
INFO 2021-07-30 09:08:36,279 - Test RMSE: 2230.865503537477
INFO 2021-07-30 09:47:04,480 - Regression algorithm: RandomForestRegressor
INFO 2021-07-30 09:47:04,537 - Train RMSE: 339.4899916947307
INFO 2021-07-30 09:47:04,557 - Test RMSE: 878.7019807016529
INFO 2021-07-30 12:48:35,164 - Regression algorithm: DecisionTreeRegressor
INFO 2021-07-30 12:48:35,179 - Train RMSE: 105.94869640760602
INFO 2021-07-30 12:48:35,183 - Test RMSE: 1219.9006826217312
INFO 2021-07-30 12:59:48,055 - Regression algorithm: DecisionTreeRegressor
INFO 2021-07-30 12:59:48,064 - Train RMSE: 105.94869640760602
INFO 2021-07-30 12:59:48,068 - Test RMSE: 1222.8547203764906
INFO 2021-07-30 13:01:34,090 - Regression algorithm: LinearRegression
INFO 2021-07-30 13:01:34,098 - Train RMSE: 2508.251324525623
INFO 2021-07-30 13:01:34,104 - Test RMSE: 2497.660038032195
INFO 2021-07-30 13:14:20,499 - Regression algorithm: GradientBoostingRegressor
INFO 2021-07-30 13:14:20,506 - Train RMSE: 2237.3661012422194
INFO 2021-07-30 13:14:20,513 - Test RMSE: 2230.8655035374786
